mode: set
github.com/yazuka000/bookings/cmd/web/main.go:22.13,24.16 2 0
github.com/yazuka000/bookings/cmd/web/main.go:28.2,36.16 4 0
github.com/yazuka000/bookings/cmd/web/main.go:24.16,26.3 1 0
github.com/yazuka000/bookings/cmd/web/main.go:39.18,54.16 10 1
github.com/yazuka000/bookings/cmd/web/main.go:59.2,68.12 6 1
github.com/yazuka000/bookings/cmd/web/main.go:54.16,57.3 2 0
github.com/yazuka000/bookings/cmd/web/middleware.go:9.53,10.71 1 1
github.com/yazuka000/bookings/cmd/web/middleware.go:10.71,13.3 1 0
github.com/yazuka000/bookings/cmd/web/middleware.go:17.45,28.2 3 1
github.com/yazuka000/bookings/cmd/web/middleware.go:31.50,33.2 1 1
github.com/yazuka000/bookings/cmd/web/routes.go:11.49,39.2 20 1
