mode: set
github.com/yazuka000/bookings/internal/forms/errors.go:6.44,8.2 1 1
github.com/yazuka000/bookings/internal/forms/errors.go:11.42,13.18 2 0
github.com/yazuka000/bookings/internal/forms/errors.go:17.2,17.14 1 0
github.com/yazuka000/bookings/internal/forms/errors.go:13.18,15.3 1 0
github.com/yazuka000/bookings/internal/forms/forms.go:19.29,21.2 1 1
github.com/yazuka000/bookings/internal/forms/forms.go:24.33,29.2 1 1
github.com/yazuka000/bookings/internal/forms/forms.go:32.43,33.31 1 1
github.com/yazuka000/bookings/internal/forms/forms.go:33.31,35.37 2 1
github.com/yazuka000/bookings/internal/forms/forms.go:35.37,37.4 1 1
github.com/yazuka000/bookings/internal/forms/forms.go:42.56,44.13 2 0
github.com/yazuka000/bookings/internal/forms/forms.go:47.2,47.13 1 0
github.com/yazuka000/bookings/internal/forms/forms.go:44.13,46.3 1 0
github.com/yazuka000/bookings/internal/forms/forms.go:52.74,54.21 2 0
github.com/yazuka000/bookings/internal/forms/forms.go:58.2,58.13 1 0
github.com/yazuka000/bookings/internal/forms/forms.go:54.21,57.3 2 0
github.com/yazuka000/bookings/internal/forms/forms.go:62.38,63.39 1 0
github.com/yazuka000/bookings/internal/forms/forms.go:63.39,65.3 1 0
