mode: set
github.com/yazuka000/bookings/internal/forms/errors.go:6.44,8.2 1 1
github.com/yazuka000/bookings/internal/forms/errors.go:11.42,13.18 2 1
github.com/yazuka000/bookings/internal/forms/errors.go:17.2,17.14 1 1
github.com/yazuka000/bookings/internal/forms/errors.go:13.18,15.3 1 1
github.com/yazuka000/bookings/internal/forms/forms.go:18.29,20.2 1 1
github.com/yazuka000/bookings/internal/forms/forms.go:23.33,28.2 1 1
github.com/yazuka000/bookings/internal/forms/forms.go:31.43,32.31 1 1
github.com/yazuka000/bookings/internal/forms/forms.go:32.31,34.37 2 1
github.com/yazuka000/bookings/internal/forms/forms.go:34.37,36.4 1 1
github.com/yazuka000/bookings/internal/forms/forms.go:41.39,49.2 2 1
github.com/yazuka000/bookings/internal/forms/forms.go:52.57,54.21 2 1
github.com/yazuka000/bookings/internal/forms/forms.go:58.2,58.13 1 1
github.com/yazuka000/bookings/internal/forms/forms.go:54.21,57.3 2 1
github.com/yazuka000/bookings/internal/forms/forms.go:62.38,63.39 1 1
github.com/yazuka000/bookings/internal/forms/forms.go:63.39,65.3 1 1
