mode: set
github.com/yazuka000/bookings/internal/handlers/handlers.go:31.62,36.2 1 0
github.com/yazuka000/bookings/internal/handlers/handlers.go:39.51,44.2 1 1
github.com/yazuka000/bookings/internal/handlers/handlers.go:47.33,49.2 1 1
github.com/yazuka000/bookings/internal/handlers/handlers.go:51.67,53.2 1 1
github.com/yazuka000/bookings/internal/handlers/handlers.go:55.68,58.2 1 1
github.com/yazuka000/bookings/internal/handlers/handlers.go:61.74,66.9 2 1
github.com/yazuka000/bookings/internal/handlers/handlers.go:73.2,74.16 2 1
github.com/yazuka000/bookings/internal/handlers/handlers.go:81.2,99.4 10 1
github.com/yazuka000/bookings/internal/handlers/handlers.go:66.9,71.3 3 1
github.com/yazuka000/bookings/internal/handlers/handlers.go:74.16,79.3 3 1
github.com/yazuka000/bookings/internal/handlers/handlers.go:102.78,104.9 2 0
github.com/yazuka000/bookings/internal/handlers/handlers.go:108.2,109.16 2 0
github.com/yazuka000/bookings/internal/handlers/handlers.go:135.2,156.19 9 0
github.com/yazuka000/bookings/internal/handlers/handlers.go:167.2,168.16 2 0
github.com/yazuka000/bookings/internal/handlers/handlers.go:175.2,184.16 3 0
github.com/yazuka000/bookings/internal/handlers/handlers.go:189.2,191.66 2 0
github.com/yazuka000/bookings/internal/handlers/handlers.go:104.9,106.3 1 0
github.com/yazuka000/bookings/internal/handlers/handlers.go:109.16,112.3 2 0
github.com/yazuka000/bookings/internal/handlers/handlers.go:156.19,165.3 4 0
github.com/yazuka000/bookings/internal/handlers/handlers.go:168.16,171.3 2 0
github.com/yazuka000/bookings/internal/handlers/handlers.go:184.16,187.3 2 0
github.com/yazuka000/bookings/internal/handlers/handlers.go:195.71,197.2 1 1
github.com/yazuka000/bookings/internal/handlers/handlers.go:200.69,202.2 1 1
github.com/yazuka000/bookings/internal/handlers/handlers.go:205.75,207.2 1 1
github.com/yazuka000/bookings/internal/handlers/handlers.go:210.79,217.16 5 0
github.com/yazuka000/bookings/internal/handlers/handlers.go:220.2,221.16 2 0
github.com/yazuka000/bookings/internal/handlers/handlers.go:225.2,226.16 2 0
github.com/yazuka000/bookings/internal/handlers/handlers.go:230.2,230.26 1 0
github.com/yazuka000/bookings/internal/handlers/handlers.go:234.2,234.21 1 0
github.com/yazuka000/bookings/internal/handlers/handlers.go:242.2,254.4 5 0
github.com/yazuka000/bookings/internal/handlers/handlers.go:217.16,219.3 1 0
github.com/yazuka000/bookings/internal/handlers/handlers.go:221.16,223.3 1 0
github.com/yazuka000/bookings/internal/handlers/handlers.go:226.16,228.3 1 0
github.com/yazuka000/bookings/internal/handlers/handlers.go:230.26,232.3 1 0
github.com/yazuka000/bookings/internal/handlers/handlers.go:234.21,240.3 2 0
github.com/yazuka000/bookings/internal/handlers/handlers.go:268.79,289.16 10 0
github.com/yazuka000/bookings/internal/handlers/handlers.go:294.2,295.14 2 0
github.com/yazuka000/bookings/internal/handlers/handlers.go:289.16,292.3 1 0
github.com/yazuka000/bookings/internal/handlers/handlers.go:298.70,300.2 1 1
github.com/yazuka000/bookings/internal/handlers/handlers.go:303.81,305.9 2 0
github.com/yazuka000/bookings/internal/handlers/handlers.go:312.2,326.4 9 0
github.com/yazuka000/bookings/internal/handlers/handlers.go:305.9,310.3 4 0
github.com/yazuka000/bookings/internal/handlers/handlers.go:330.73,332.16 2 0
github.com/yazuka000/bookings/internal/handlers/handlers.go:336.2,337.9 2 0
github.com/yazuka000/bookings/internal/handlers/handlers.go:341.2,345.63 3 0
github.com/yazuka000/bookings/internal/handlers/handlers.go:332.16,334.3 1 0
github.com/yazuka000/bookings/internal/handlers/handlers.go:337.9,339.3 1 0
github.com/yazuka000/bookings/internal/handlers/handlers.go:349.71,361.16 9 0
github.com/yazuka000/bookings/internal/handlers/handlers.go:365.2,373.63 6 0
github.com/yazuka000/bookings/internal/handlers/handlers.go:361.16,363.3 1 0
