mode: set
github.com/yazuka000/bookings/internal/handlers/handlers.go:30.62,35.2 1 0
github.com/yazuka000/bookings/internal/handlers/handlers.go:38.51,43.2 1 1
github.com/yazuka000/bookings/internal/handlers/handlers.go:46.33,48.2 1 1
github.com/yazuka000/bookings/internal/handlers/handlers.go:50.67,52.2 1 1
github.com/yazuka000/bookings/internal/handlers/handlers.go:54.68,57.2 1 1
github.com/yazuka000/bookings/internal/handlers/handlers.go:60.74,65.9 2 1
github.com/yazuka000/bookings/internal/handlers/handlers.go:72.2,73.16 2 1
github.com/yazuka000/bookings/internal/handlers/handlers.go:80.2,98.4 10 1
github.com/yazuka000/bookings/internal/handlers/handlers.go:65.9,70.3 3 1
github.com/yazuka000/bookings/internal/handlers/handlers.go:73.16,78.3 3 1
github.com/yazuka000/bookings/internal/handlers/handlers.go:101.78,108.16 2 1
github.com/yazuka000/bookings/internal/handlers/handlers.go:114.2,120.16 5 1
github.com/yazuka000/bookings/internal/handlers/handlers.go:126.2,127.16 2 1
github.com/yazuka000/bookings/internal/handlers/handlers.go:133.2,134.16 2 1
github.com/yazuka000/bookings/internal/handlers/handlers.go:140.2,162.19 6 1
github.com/yazuka000/bookings/internal/handlers/handlers.go:175.2,176.16 2 1
github.com/yazuka000/bookings/internal/handlers/handlers.go:184.2,193.16 3 1
github.com/yazuka000/bookings/internal/handlers/handlers.go:199.2,201.66 2 1
github.com/yazuka000/bookings/internal/handlers/handlers.go:108.16,112.3 3 1
github.com/yazuka000/bookings/internal/handlers/handlers.go:120.16,124.3 3 1
github.com/yazuka000/bookings/internal/handlers/handlers.go:127.16,131.3 3 1
github.com/yazuka000/bookings/internal/handlers/handlers.go:134.16,138.3 3 1
github.com/yazuka000/bookings/internal/handlers/handlers.go:162.19,173.3 5 1
github.com/yazuka000/bookings/internal/handlers/handlers.go:176.16,180.3 3 1
github.com/yazuka000/bookings/internal/handlers/handlers.go:193.16,197.3 3 1
github.com/yazuka000/bookings/internal/handlers/handlers.go:205.71,207.2 1 1
github.com/yazuka000/bookings/internal/handlers/handlers.go:210.69,212.2 1 1
github.com/yazuka000/bookings/internal/handlers/handlers.go:215.75,217.2 1 1
github.com/yazuka000/bookings/internal/handlers/handlers.go:220.79,227.16 5 0
github.com/yazuka000/bookings/internal/handlers/handlers.go:230.2,231.16 2 0
github.com/yazuka000/bookings/internal/handlers/handlers.go:235.2,236.16 2 0
github.com/yazuka000/bookings/internal/handlers/handlers.go:240.2,240.26 1 0
github.com/yazuka000/bookings/internal/handlers/handlers.go:244.2,244.21 1 0
github.com/yazuka000/bookings/internal/handlers/handlers.go:252.2,264.4 5 0
github.com/yazuka000/bookings/internal/handlers/handlers.go:227.16,229.3 1 0
github.com/yazuka000/bookings/internal/handlers/handlers.go:231.16,233.3 1 0
github.com/yazuka000/bookings/internal/handlers/handlers.go:236.16,238.3 1 0
github.com/yazuka000/bookings/internal/handlers/handlers.go:240.26,242.3 1 0
github.com/yazuka000/bookings/internal/handlers/handlers.go:244.21,250.3 2 0
github.com/yazuka000/bookings/internal/handlers/handlers.go:278.79,299.16 10 0
github.com/yazuka000/bookings/internal/handlers/handlers.go:304.2,305.14 2 0
github.com/yazuka000/bookings/internal/handlers/handlers.go:299.16,302.3 1 0
github.com/yazuka000/bookings/internal/handlers/handlers.go:308.70,310.2 1 1
github.com/yazuka000/bookings/internal/handlers/handlers.go:313.81,315.9 2 0
github.com/yazuka000/bookings/internal/handlers/handlers.go:322.2,336.4 9 0
github.com/yazuka000/bookings/internal/handlers/handlers.go:315.9,320.3 4 0
github.com/yazuka000/bookings/internal/handlers/handlers.go:340.73,342.16 2 0
github.com/yazuka000/bookings/internal/handlers/handlers.go:346.2,347.9 2 0
github.com/yazuka000/bookings/internal/handlers/handlers.go:351.2,355.63 3 0
github.com/yazuka000/bookings/internal/handlers/handlers.go:342.16,344.3 1 0
github.com/yazuka000/bookings/internal/handlers/handlers.go:347.9,349.3 1 0
github.com/yazuka000/bookings/internal/handlers/handlers.go:359.71,371.16 9 0
github.com/yazuka000/bookings/internal/handlers/handlers.go:375.2,383.63 6 0
github.com/yazuka000/bookings/internal/handlers/handlers.go:371.16,373.3 1 0
